Sender: LSF System <tnn2@sn004>
Subject: Job 879408: <save_raw_AMPSLEkid_cells_0856> in cluster <erislsf2> Done

Job <save_raw_AMPSLEkid_cells_0856> was submitted from host <eris2n4> by user <jn467> in cluster <erislsf2>.
Job was executed on host(s) <sn004>, in queue <bigmem>, as user <jn467> in cluster <erislsf2>.
</PHShome/jn467> was used as the home directory.
</data/srlab2/jmears/jupyter/SLE_Phase2_Kidney_Analysis/cell-seq-scripts-final> was used as the working directory.
Started at Wed Apr 14 12:40:27 2021
Results reported on Wed Apr 14 12:40:59 2021

Your job looked like:

------------------------------------------------------------
# LSBATCH: User input

#!/bin/bash
#BSUB -J save_raw_AMPSLEkid_cells_0856
#BSUB -o /data/srlab2/jmears/jupyter/SLE_Phase2_Kidney_Analysis/cell-seq-scripts-final/log/filter_AMPSLEkid_cells_0856.out
#BSUB -e /data/srlab2/jmears/jupyter/SLE_Phase2_Kidney_Analysis/cell-seq-scripts-final/log/filter_AMPSLEkid_cells_0856.err
#BSUB -q bigmem
#BSUB -R 'select[hname!=cn001]'
#BSUB -R 'select[hname!=cn002]'
#BSUB -R 'select[hname!=cn003]'
#BSUB -R 'select[hname!=cn004]'
#BSUB -R 'select[hname!=cn005]'

./3_filter_data_and_save.R AMPSLEkid_cells_0856



------------------------------------------------------------

Successfully completed.

Resource usage summary:

    CPU time :                                   47.18 sec.
    Max Memory :                                 1331 MB
    Average Memory :                             1331.00 MB
    Total Requested Memory :                     32000.00 MB
    Delta Memory :                               30669.00 MB
    Max Swap :                                   12100 MB
    Max Processes :                              4
    Max Threads :                                6

The output (if any) follows:

           used  (Mb) gc trigger  (Mb) max used  (Mb)
Ncells  6680023 356.8   12048605 643.5  9454352 505.0
Vcells 11335100  86.5   81707952 623.4 83509429 637.2


PS:

Read file </data/srlab2/jmears/jupyter/SLE_Phase2_Kidney_Analysis/cell-seq-scripts-final/log/filter_AMPSLEkid_cells_0856.err> for stderr output of this job.

