Sender: LSF System <tnn2@sn004>
Subject: Job 879537: <save_raw_AMPSLEkid_cells_2755> in cluster <erislsf2> Done

Job <save_raw_AMPSLEkid_cells_2755> was submitted from host <eris2n4> by user <jn467> in cluster <erislsf2>.
Job was executed on host(s) <sn004>, in queue <bigmem>, as user <jn467> in cluster <erislsf2>.
</PHShome/jn467> was used as the home directory.
</data/srlab2/jmears/jupyter/SLE_Phase2_Kidney_Analysis/cell-seq-scripts-final> was used as the working directory.
Started at Wed Apr 14 12:56:18 2021
Results reported on Wed Apr 14 12:56:46 2021

Your job looked like:

------------------------------------------------------------
# LSBATCH: User input

#!/bin/bash
#BSUB -J save_raw_AMPSLEkid_cells_2755
#BSUB -o /data/srlab2/jmears/jupyter/SLE_Phase2_Kidney_Analysis/cell-seq-scripts-final/log/filter_AMPSLEkid_cells_2755.out
#BSUB -e /data/srlab2/jmears/jupyter/SLE_Phase2_Kidney_Analysis/cell-seq-scripts-final/log/filter_AMPSLEkid_cells_2755.err
#BSUB -q bigmem
#BSUB -R 'select[hname!=cn001]'
#BSUB -R 'select[hname!=cn002]'
#BSUB -R 'select[hname!=cn003]'
#BSUB -R 'select[hname!=cn004]'
#BSUB -R 'select[hname!=cn005]'

./3_filter_data_and_save.R AMPSLEkid_cells_2755



------------------------------------------------------------

Successfully completed.

Resource usage summary:

    CPU time :                                   42.23 sec.
    Max Memory :                                 973 MB
    Average Memory :                             973.00 MB
    Total Requested Memory :                     32000.00 MB
    Delta Memory :                               31027.00 MB
    Max Swap :                                   11745 MB
    Max Processes :                              4
    Max Threads :                                6

The output (if any) follows:

           used  (Mb) gc trigger  (Mb) max used  (Mb)
Ncells  6680023 356.8   12048605 643.5  9454352 505.0
Vcells 11335100  86.5   57099520 435.7 57870800 441.6


PS:

Read file </data/srlab2/jmears/jupyter/SLE_Phase2_Kidney_Analysis/cell-seq-scripts-final/log/filter_AMPSLEkid_cells_2755.err> for stderr output of this job.

