Sender: LSF System <tnn2@sn007>
Subject: Job 879440: <save_raw_AMPSLEkid_cells_1141> in cluster <erislsf2> Done

Job <save_raw_AMPSLEkid_cells_1141> was submitted from host <eris2n4> by user <jn467> in cluster <erislsf2>.
Job was executed on host(s) <sn007>, in queue <bigmem>, as user <jn467> in cluster <erislsf2>.
</PHShome/jn467> was used as the home directory.
</data/srlab2/jmears/jupyter/SLE_Phase2_Kidney_Analysis/cell-seq-scripts-final> was used as the working directory.
Started at Wed Apr 14 12:44:50 2021
Results reported on Wed Apr 14 12:45:32 2021

Your job looked like:

------------------------------------------------------------
# LSBATCH: User input

#!/bin/bash
#BSUB -J save_raw_AMPSLEkid_cells_1141
#BSUB -o /data/srlab2/jmears/jupyter/SLE_Phase2_Kidney_Analysis/cell-seq-scripts-final/log/filter_AMPSLEkid_cells_1141.out
#BSUB -e /data/srlab2/jmears/jupyter/SLE_Phase2_Kidney_Analysis/cell-seq-scripts-final/log/filter_AMPSLEkid_cells_1141.err
#BSUB -q bigmem
#BSUB -R 'select[hname!=cn001]'
#BSUB -R 'select[hname!=cn002]'
#BSUB -R 'select[hname!=cn003]'
#BSUB -R 'select[hname!=cn004]'
#BSUB -R 'select[hname!=cn005]'

./3_filter_data_and_save.R AMPSLEkid_cells_1141



------------------------------------------------------------

Successfully completed.

Resource usage summary:

    CPU time :                                   27.90 sec.
    Max Memory :                                 830 MB
    Average Memory :                             830.00 MB
    Total Requested Memory :                     32000.00 MB
    Delta Memory :                               31170.00 MB
    Max Swap :                                   10589 MB
    Max Processes :                              4
    Max Threads :                                6

The output (if any) follows:

           used  (Mb) gc trigger  (Mb) max used  (Mb)
Ncells  6680023 356.8   12048577 643.5  9492013 507.0
Vcells 11335100  86.5   20819585 158.9 17750696 135.5


PS:

Read file </data/srlab2/jmears/jupyter/SLE_Phase2_Kidney_Analysis/cell-seq-scripts-final/log/filter_AMPSLEkid_cells_1141.err> for stderr output of this job.

