Sender: LSF System <tnn2@sn004>
Subject: Job 879376: <save_raw_AMPSLEkid_cells_0142> in cluster <erislsf2> Done

Job <save_raw_AMPSLEkid_cells_0142> was submitted from host <eris2n4> by user <jn467> in cluster <erislsf2>.
Job was executed on host(s) <sn004>, in queue <bigmem>, as user <jn467> in cluster <erislsf2>.
</PHShome/jn467> was used as the home directory.
</data/srlab2/jmears/jupyter/SLE_Phase2_Kidney_Analysis/cell-seq-scripts-final> was used as the working directory.
Started at Wed Apr 14 12:29:57 2021
Results reported on Wed Apr 14 12:30:22 2021

Your job looked like:

------------------------------------------------------------
# LSBATCH: User input

#!/bin/bash
#BSUB -J save_raw_AMPSLEkid_cells_0142
#BSUB -o /data/srlab2/jmears/jupyter/SLE_Phase2_Kidney_Analysis/cell-seq-scripts-final/log/filter_AMPSLEkid_cells_0142.out
#BSUB -e /data/srlab2/jmears/jupyter/SLE_Phase2_Kidney_Analysis/cell-seq-scripts-final/log/filter_AMPSLEkid_cells_0142.err
#BSUB -q bigmem
#BSUB -R 'select[hname!=cn001]'
#BSUB -R 'select[hname!=cn002]'
#BSUB -R 'select[hname!=cn003]'
#BSUB -R 'select[hname!=cn004]'
#BSUB -R 'select[hname!=cn005]'

./3_filter_data_and_save.R AMPSLEkid_cells_0142



------------------------------------------------------------

Successfully completed.

Resource usage summary:

    CPU time :                                   40.11 sec.
    Max Memory :                                 1116 MB
    Average Memory :                             1116.00 MB
    Total Requested Memory :                     32000.00 MB
    Delta Memory :                               30884.00 MB
    Max Swap :                                   11885 MB
    Max Processes :                              4
    Max Threads :                                6

The output (if any) follows:

           used  (Mb) gc trigger  (Mb) max used  (Mb)
Ncells  6680023 356.8   12048640 643.5  9454364 505.0
Vcells 11335100  86.5   54560288 416.3 55227115 421.4


PS:

Read file </data/srlab2/jmears/jupyter/SLE_Phase2_Kidney_Analysis/cell-seq-scripts-final/log/filter_AMPSLEkid_cells_0142.err> for stderr output of this job.

