Sender: LSF System <tnn2@sn007>
Subject: Job 878970: <save_raw_AMPSLEkid_cells_3013> in cluster <erislsf2> Done

Job <save_raw_AMPSLEkid_cells_3013> was submitted from host <eris2n4> by user <jn467> in cluster <erislsf2>.
Job was executed on host(s) <sn007>, in queue <bigmem>, as user <jn467> in cluster <erislsf2>.
</PHShome/jn467> was used as the home directory.
</data/srlab2/jmears/jupyter/SLE_Phase2_Kidney_Analysis/cell-seq-scripts-final> was used as the working directory.
Started at Wed Apr 14 12:03:27 2021
Results reported on Wed Apr 14 12:04:01 2021

Your job looked like:

------------------------------------------------------------
# LSBATCH: User input

#!/bin/bash
#BSUB -J save_raw_AMPSLEkid_cells_3013
#BSUB -o /data/srlab2/jmears/jupyter/SLE_Phase2_Kidney_Analysis/cell-seq-scripts-final/log/save_raw_AMPSLEkid_cells_3013.out
#BSUB -e /data/srlab2/jmears/jupyter/SLE_Phase2_Kidney_Analysis/cell-seq-scripts-final/log/save_raw_AMPSLEkid_cells_3013.err
#BSUB -q bigmem
#BSUB -R 'select[hname!=cn001]'
#BSUB -R 'select[hname!=cn002]'
#BSUB -R 'select[hname!=cn003]'
#BSUB -R 'select[hname!=cn004]'
#BSUB -R 'select[hname!=cn005]'

./1_save_raw.R AMPSLEkid_cells_3013



------------------------------------------------------------

Successfully completed.

Resource usage summary:

    CPU time :                                   43.11 sec.
    Max Memory :                                 779 MB
    Average Memory :                             779.00 MB
    Total Requested Memory :                     32000.00 MB
    Delta Memory :                               31221.00 MB
    Max Swap :                                   10617 MB
    Max Processes :                              4
    Max Threads :                                6

The output (if any) follows:



PS:

Read file </data/srlab2/jmears/jupyter/SLE_Phase2_Kidney_Analysis/cell-seq-scripts-final/log/save_raw_AMPSLEkid_cells_3013.err> for stderr output of this job.

Sender: LSF System <tnn2@hn004>
Subject: Job 955023: <save_raw_AMPSLEkid_cells_3013> in cluster <erislsf2> Done

Job <save_raw_AMPSLEkid_cells_3013> was submitted from host <eris2n5> by user <jn467> in cluster <erislsf2>.
Job was executed on host(s) <hn004>, in queue <normal>, as user <jn467> in cluster <erislsf2>.
</PHShome/jn467> was used as the home directory.
</data/srlab2/jmears/jupyter/SLE_Phase2_Kidney_Analysis/cell-seq-scripts-final> was used as the working directory.
Started at Mon Apr 19 10:36:38 2021
Results reported on Mon Apr 19 10:36:59 2021

Your job looked like:

------------------------------------------------------------
# LSBATCH: User input

#!/bin/bash
#BSUB -J save_raw_AMPSLEkid_cells_3013
#BSUB -o /data/srlab2/jmears/jupyter/SLE_Phase2_Kidney_Analysis/cell-seq-scripts-final/log/save_raw_AMPSLEkid_cells_3013.out
#BSUB -e /data/srlab2/jmears/jupyter/SLE_Phase2_Kidney_Analysis/cell-seq-scripts-final/log/save_raw_AMPSLEkid_cells_3013.out
#BSUB -q normal
#BSUB -R 'select[hname!=cn001]'
#BSUB -R 'select[hname!=cn002]'
#BSUB -R 'select[hname!=cn003]'
#BSUB -R 'select[hname!=cn004]'
#BSUB -R 'select[hname!=cn005]'

./0.3_save_python_data.R AMPSLEkid_cells_3013



------------------------------------------------------------

Successfully completed.

Resource usage summary:

    CPU time :                                   28.72 sec.
    Max Memory :                                 259 MB
    Average Memory :                             259.00 MB
    Total Requested Memory :                     512.00 MB
    Delta Memory :                               253.00 MB
    Max Swap :                                   9917 MB
    Max Processes :                              4
    Max Threads :                                5

The output (if any) follows:

           used  (Mb) gc trigger   (Mb)  max used   (Mb)
Ncells  6666025 356.1   12048610  643.5   9445409  504.5
Vcells 11308992  86.3  166554077 1270.8 171785619 1310.7
