Sender: LSF System <tnn2@sn006>
Subject: Job 878938: <save_raw_AMPSLEkid_cells_2755> in cluster <erislsf2> Done

Job <save_raw_AMPSLEkid_cells_2755> was submitted from host <eris2n4> by user <jn467> in cluster <erislsf2>.
Job was executed on host(s) <sn006>, in queue <bigmem>, as user <jn467> in cluster <erislsf2>.
</PHShome/jn467> was used as the home directory.
</data/srlab2/jmears/jupyter/SLE_Phase2_Kidney_Analysis/cell-seq-scripts-final> was used as the working directory.
Started at Wed Apr 14 12:00:25 2021
Results reported on Wed Apr 14 12:01:03 2021

Your job looked like:

------------------------------------------------------------
# LSBATCH: User input

#!/bin/bash
#BSUB -J save_raw_AMPSLEkid_cells_2755
#BSUB -o /data/srlab2/jmears/jupyter/SLE_Phase2_Kidney_Analysis/cell-seq-scripts-final/log/save_raw_AMPSLEkid_cells_2755.out
#BSUB -e /data/srlab2/jmears/jupyter/SLE_Phase2_Kidney_Analysis/cell-seq-scripts-final/log/save_raw_AMPSLEkid_cells_2755.err
#BSUB -q bigmem
#BSUB -R 'select[hname!=cn001]'
#BSUB -R 'select[hname!=cn002]'
#BSUB -R 'select[hname!=cn003]'
#BSUB -R 'select[hname!=cn004]'
#BSUB -R 'select[hname!=cn005]'

./1_save_raw.R AMPSLEkid_cells_2755



------------------------------------------------------------

Successfully completed.

Resource usage summary:

    CPU time :                                   53.97 sec.
    Max Memory :                                 1810 MB
    Average Memory :                             1810.00 MB
    Total Requested Memory :                     32000.00 MB
    Delta Memory :                               30190.00 MB
    Max Swap :                                   12582 MB
    Max Processes :                              4
    Max Threads :                                6

The output (if any) follows:



PS:

Read file </data/srlab2/jmears/jupyter/SLE_Phase2_Kidney_Analysis/cell-seq-scripts-final/log/save_raw_AMPSLEkid_cells_2755.err> for stderr output of this job.

Sender: LSF System <tnn2@hn002>
Subject: Job 954991: <save_raw_AMPSLEkid_cells_2755> in cluster <erislsf2> Done

Job <save_raw_AMPSLEkid_cells_2755> was submitted from host <eris2n5> by user <jn467> in cluster <erislsf2>.
Job was executed on host(s) <hn002>, in queue <normal>, as user <jn467> in cluster <erislsf2>.
</PHShome/jn467> was used as the home directory.
</data/srlab2/jmears/jupyter/SLE_Phase2_Kidney_Analysis/cell-seq-scripts-final> was used as the working directory.
Started at Mon Apr 19 10:35:18 2021
Results reported on Mon Apr 19 10:35:44 2021

Your job looked like:

------------------------------------------------------------
# LSBATCH: User input

#!/bin/bash
#BSUB -J save_raw_AMPSLEkid_cells_2755
#BSUB -o /data/srlab2/jmears/jupyter/SLE_Phase2_Kidney_Analysis/cell-seq-scripts-final/log/save_raw_AMPSLEkid_cells_2755.out
#BSUB -e /data/srlab2/jmears/jupyter/SLE_Phase2_Kidney_Analysis/cell-seq-scripts-final/log/save_raw_AMPSLEkid_cells_2755.out
#BSUB -q normal
#BSUB -R 'select[hname!=cn001]'
#BSUB -R 'select[hname!=cn002]'
#BSUB -R 'select[hname!=cn003]'
#BSUB -R 'select[hname!=cn004]'
#BSUB -R 'select[hname!=cn005]'

./0.3_save_python_data.R AMPSLEkid_cells_2755



------------------------------------------------------------

Successfully completed.

Resource usage summary:

    CPU time :                                   33.74 sec.
    Max Memory :                                 2204 MB
    Average Memory :                             2204.00 MB
    Total Requested Memory :                     512.00 MB
    Delta Memory :                               -1692.00 MB
    Max Swap :                                   11984 MB
    Max Processes :                              4
    Max Threads :                                6

The output (if any) follows:

           used  (Mb) gc trigger   (Mb)  max used   (Mb)
Ncells  6666025 356.1   12048607  643.5   9445407  504.5
Vcells 11308992  86.3  358240928 2733.2 371459422 2834.1
