Sender: LSF System <tnn2@sn005>
Subject: Job 878805: <save_raw_AMPSLEkid_cells_0849> in cluster <erislsf2> Done

Job <save_raw_AMPSLEkid_cells_0849> was submitted from host <eris2n4> by user <jn467> in cluster <erislsf2>.
Job was executed on host(s) <sn005>, in queue <bigmem>, as user <jn467> in cluster <erislsf2>.
</PHShome/jn467> was used as the home directory.
</data/srlab2/jmears/jupyter/SLE_Phase2_Kidney_Analysis/cell-seq-scripts-final> was used as the working directory.
Started at Wed Apr 14 11:47:35 2021
Results reported on Wed Apr 14 11:48:03 2021

Your job looked like:

------------------------------------------------------------
# LSBATCH: User input

#!/bin/bash
#BSUB -J save_raw_AMPSLEkid_cells_0849
#BSUB -o /data/srlab2/jmears/jupyter/SLE_Phase2_Kidney_Analysis/cell-seq-scripts-final/log/save_raw_AMPSLEkid_cells_0849.out
#BSUB -e /data/srlab2/jmears/jupyter/SLE_Phase2_Kidney_Analysis/cell-seq-scripts-final/log/save_raw_AMPSLEkid_cells_0849.err
#BSUB -q bigmem
#BSUB -R 'select[hname!=cn001]'
#BSUB -R 'select[hname!=cn002]'
#BSUB -R 'select[hname!=cn003]'
#BSUB -R 'select[hname!=cn004]'
#BSUB -R 'select[hname!=cn005]'

./1_save_raw.R AMPSLEkid_cells_0849



------------------------------------------------------------

Successfully completed.

Resource usage summary:

    CPU time :                                   44.22 sec.
    Max Memory :                                 716 MB
    Average Memory :                             716.00 MB
    Total Requested Memory :                     32000.00 MB
    Delta Memory :                               31284.00 MB
    Max Swap :                                   11514 MB
    Max Processes :                              4
    Max Threads :                                6

The output (if any) follows:



PS:

Read file </data/srlab2/jmears/jupyter/SLE_Phase2_Kidney_Analysis/cell-seq-scripts-final/log/save_raw_AMPSLEkid_cells_0849.err> for stderr output of this job.

Sender: LSF System <tnn2@hn004>
Subject: Job 954858: <save_raw_AMPSLEkid_cells_0849> in cluster <erislsf2> Done

Job <save_raw_AMPSLEkid_cells_0849> was submitted from host <eris2n5> by user <jn467> in cluster <erislsf2>.
Job was executed on host(s) <hn004>, in queue <normal>, as user <jn467> in cluster <erislsf2>.
</PHShome/jn467> was used as the home directory.
</data/srlab2/jmears/jupyter/SLE_Phase2_Kidney_Analysis/cell-seq-scripts-final> was used as the working directory.
Started at Mon Apr 19 10:29:48 2021
Results reported on Mon Apr 19 10:30:36 2021

Your job looked like:

------------------------------------------------------------
# LSBATCH: User input

#!/bin/bash
#BSUB -J save_raw_AMPSLEkid_cells_0849
#BSUB -o /data/srlab2/jmears/jupyter/SLE_Phase2_Kidney_Analysis/cell-seq-scripts-final/log/save_raw_AMPSLEkid_cells_0849.out
#BSUB -e /data/srlab2/jmears/jupyter/SLE_Phase2_Kidney_Analysis/cell-seq-scripts-final/log/save_raw_AMPSLEkid_cells_0849.out
#BSUB -q normal
#BSUB -R 'select[hname!=cn001]'
#BSUB -R 'select[hname!=cn002]'
#BSUB -R 'select[hname!=cn003]'
#BSUB -R 'select[hname!=cn004]'
#BSUB -R 'select[hname!=cn005]'

./0.3_save_python_data.R AMPSLEkid_cells_0849



------------------------------------------------------------

Successfully completed.

Resource usage summary:

    CPU time :                                   28.10 sec.
    Max Memory :                                 2632 MB
    Average Memory :                             2632.00 MB
    Total Requested Memory :                     512.00 MB
    Delta Memory :                               -2120.00 MB
    Max Swap :                                   12419 MB
    Max Processes :                              4
    Max Threads :                                6

The output (if any) follows:

           used  (Mb) gc trigger   (Mb)  max used   (Mb)
Ncells  6666025 356.1   12048560  643.5   9445392  504.5
Vcells 11308992  86.3  250187330 1908.8 258903590 1975.3
