Sender: LSF System <tnn2@sn007>
Subject: Job 878783: <save_raw_AMPSLEkid_cells_0351> in cluster <erislsf2> Done

Job <save_raw_AMPSLEkid_cells_0351> was submitted from host <eris2n4> by user <jn467> in cluster <erislsf2>.
Job was executed on host(s) <sn007>, in queue <bigmem>, as user <jn467> in cluster <erislsf2>.
</PHShome/jn467> was used as the home directory.
</data/srlab2/jmears/jupyter/SLE_Phase2_Kidney_Analysis/cell-seq-scripts-final> was used as the working directory.
Started at Wed Apr 14 11:45:19 2021
Results reported on Wed Apr 14 11:45:45 2021

Your job looked like:

------------------------------------------------------------
# LSBATCH: User input

#!/bin/bash
#BSUB -J save_raw_AMPSLEkid_cells_0351
#BSUB -o /data/srlab2/jmears/jupyter/SLE_Phase2_Kidney_Analysis/cell-seq-scripts-final/log/save_raw_AMPSLEkid_cells_0351.out
#BSUB -e /data/srlab2/jmears/jupyter/SLE_Phase2_Kidney_Analysis/cell-seq-scripts-final/log/save_raw_AMPSLEkid_cells_0351.err
#BSUB -q bigmem
#BSUB -R 'select[hname!=cn001]'
#BSUB -R 'select[hname!=cn002]'
#BSUB -R 'select[hname!=cn003]'
#BSUB -R 'select[hname!=cn004]'
#BSUB -R 'select[hname!=cn005]'

./1_save_raw.R AMPSLEkid_cells_0351



------------------------------------------------------------

Successfully completed.

Resource usage summary:

    CPU time :                                   32.71 sec.
    Max Memory :                                 359 MB
    Average Memory :                             359.00 MB
    Total Requested Memory :                     32000.00 MB
    Delta Memory :                               31641.00 MB
    Max Swap :                                   10021 MB
    Max Processes :                              4
    Max Threads :                                5

The output (if any) follows:



PS:

Read file </data/srlab2/jmears/jupyter/SLE_Phase2_Kidney_Analysis/cell-seq-scripts-final/log/save_raw_AMPSLEkid_cells_0351.err> for stderr output of this job.

Sender: LSF System <tnn2@hn004>
Subject: Job 954836: <save_raw_AMPSLEkid_cells_0351> in cluster <erislsf2> Done

Job <save_raw_AMPSLEkid_cells_0351> was submitted from host <eris2n5> by user <jn467> in cluster <erislsf2>.
Job was executed on host(s) <hn004>, in queue <normal>, as user <jn467> in cluster <erislsf2>.
</PHShome/jn467> was used as the home directory.
</data/srlab2/jmears/jupyter/SLE_Phase2_Kidney_Analysis/cell-seq-scripts-final> was used as the working directory.
Started at Mon Apr 19 10:28:40 2021
Results reported on Mon Apr 19 10:29:09 2021

Your job looked like:

------------------------------------------------------------
# LSBATCH: User input

#!/bin/bash
#BSUB -J save_raw_AMPSLEkid_cells_0351
#BSUB -o /data/srlab2/jmears/jupyter/SLE_Phase2_Kidney_Analysis/cell-seq-scripts-final/log/save_raw_AMPSLEkid_cells_0351.out
#BSUB -e /data/srlab2/jmears/jupyter/SLE_Phase2_Kidney_Analysis/cell-seq-scripts-final/log/save_raw_AMPSLEkid_cells_0351.out
#BSUB -q normal
#BSUB -R 'select[hname!=cn001]'
#BSUB -R 'select[hname!=cn002]'
#BSUB -R 'select[hname!=cn003]'
#BSUB -R 'select[hname!=cn004]'
#BSUB -R 'select[hname!=cn005]'

./0.3_save_python_data.R AMPSLEkid_cells_0351



------------------------------------------------------------

Successfully completed.

Resource usage summary:

    CPU time :                                   25.22 sec.
    Max Memory :                                 94 MB
    Average Memory :                             94.00 MB
    Total Requested Memory :                     512.00 MB
    Delta Memory :                               418.00 MB
    Max Swap :                                   9711 MB
    Max Processes :                              4
    Max Threads :                                5

The output (if any) follows:

           used  (Mb) gc trigger  (Mb) max used  (Mb)
Ncells  6666025 356.1   12048594 643.5  9482903 506.5
Vcells 11308992  86.3   79173628 604.1 80764317 616.2
