Sender: LSF System <tnn2@sn005>
Subject: Job 878844: <save_raw_AMPSLEkid_cells_1149> in cluster <erislsf2> Done

Job <save_raw_AMPSLEkid_cells_1149> was submitted from host <eris2n4> by user <jn467> in cluster <erislsf2>.
Job was executed on host(s) <sn005>, in queue <bigmem>, as user <jn467> in cluster <erislsf2>.
</PHShome/jn467> was used as the home directory.
</data/srlab2/jmears/jupyter/SLE_Phase2_Kidney_Analysis/cell-seq-scripts-final> was used as the working directory.
Started at Wed Apr 14 11:52:02 2021
Results reported on Wed Apr 14 11:52:43 2021

Your job looked like:

------------------------------------------------------------
# LSBATCH: User input

#!/bin/bash
#BSUB -J save_raw_AMPSLEkid_cells_1149
#BSUB -o /data/srlab2/jmears/jupyter/SLE_Phase2_Kidney_Analysis/cell-seq-scripts-final/log/save_raw_AMPSLEkid_cells_1149.out
#BSUB -e /data/srlab2/jmears/jupyter/SLE_Phase2_Kidney_Analysis/cell-seq-scripts-final/log/save_raw_AMPSLEkid_cells_1149.err
#BSUB -q bigmem
#BSUB -R 'select[hname!=cn001]'
#BSUB -R 'select[hname!=cn002]'
#BSUB -R 'select[hname!=cn003]'
#BSUB -R 'select[hname!=cn004]'
#BSUB -R 'select[hname!=cn005]'

./1_save_raw.R AMPSLEkid_cells_1149



------------------------------------------------------------

Successfully completed.

Resource usage summary:

    CPU time :                                   56.18 sec.
    Max Memory :                                 763 MB
    Average Memory :                             763.00 MB
    Total Requested Memory :                     32000.00 MB
    Delta Memory :                               31237.00 MB
    Max Swap :                                   11696 MB
    Max Processes :                              4
    Max Threads :                                6

The output (if any) follows:



PS:

Read file </data/srlab2/jmears/jupyter/SLE_Phase2_Kidney_Analysis/cell-seq-scripts-final/log/save_raw_AMPSLEkid_cells_1149.err> for stderr output of this job.

Sender: LSF System <tnn2@hn006>
Subject: Job 954897: <save_raw_AMPSLEkid_cells_1149> in cluster <erislsf2> Done

Job <save_raw_AMPSLEkid_cells_1149> was submitted from host <eris2n5> by user <jn467> in cluster <erislsf2>.
Job was executed on host(s) <hn006>, in queue <normal>, as user <jn467> in cluster <erislsf2>.
</PHShome/jn467> was used as the home directory.
</data/srlab2/jmears/jupyter/SLE_Phase2_Kidney_Analysis/cell-seq-scripts-final> was used as the working directory.
Started at Mon Apr 19 10:31:27 2021
Results reported on Mon Apr 19 10:32:17 2021

Your job looked like:

------------------------------------------------------------
# LSBATCH: User input

#!/bin/bash
#BSUB -J save_raw_AMPSLEkid_cells_1149
#BSUB -o /data/srlab2/jmears/jupyter/SLE_Phase2_Kidney_Analysis/cell-seq-scripts-final/log/save_raw_AMPSLEkid_cells_1149.out
#BSUB -e /data/srlab2/jmears/jupyter/SLE_Phase2_Kidney_Analysis/cell-seq-scripts-final/log/save_raw_AMPSLEkid_cells_1149.out
#BSUB -q normal
#BSUB -R 'select[hname!=cn001]'
#BSUB -R 'select[hname!=cn002]'
#BSUB -R 'select[hname!=cn003]'
#BSUB -R 'select[hname!=cn004]'
#BSUB -R 'select[hname!=cn005]'

./0.3_save_python_data.R AMPSLEkid_cells_1149



------------------------------------------------------------

Successfully completed.

Resource usage summary:

    CPU time :                                   30.81 sec.
    Max Memory :                                 3685 MB
    Average Memory :                             3685.00 MB
    Total Requested Memory :                     512.00 MB
    Delta Memory :                               -3173.00 MB
    Max Swap :                                   13466 MB
    Max Processes :                              4
    Max Threads :                                6

The output (if any) follows:

           used  (Mb) gc trigger   (Mb)  max used   (Mb)
Ncells  6666025 356.1   12048600  643.5   9445404  504.5
Vcells 11308992  86.3  381961506 2914.2 396168357 3022.6
