Sender: LSF System <tnn2@sn007>
Subject: Job 878870: <save_raw_AMPSLEkid_cells_1245> in cluster <erislsf2> Done

Job <save_raw_AMPSLEkid_cells_1245> was submitted from host <eris2n4> by user <jn467> in cluster <erislsf2>.
Job was executed on host(s) <sn007>, in queue <bigmem>, as user <jn467> in cluster <erislsf2>.
</PHShome/jn467> was used as the home directory.
</data/srlab2/jmears/jupyter/SLE_Phase2_Kidney_Analysis/cell-seq-scripts-final> was used as the working directory.
Started at Wed Apr 14 11:54:27 2021
Results reported on Wed Apr 14 11:55:00 2021

Your job looked like:

------------------------------------------------------------
# LSBATCH: User input

#!/bin/bash
#BSUB -J save_raw_AMPSLEkid_cells_1245
#BSUB -o /data/srlab2/jmears/jupyter/SLE_Phase2_Kidney_Analysis/cell-seq-scripts-final/log/save_raw_AMPSLEkid_cells_1245.out
#BSUB -e /data/srlab2/jmears/jupyter/SLE_Phase2_Kidney_Analysis/cell-seq-scripts-final/log/save_raw_AMPSLEkid_cells_1245.err
#BSUB -q bigmem
#BSUB -R 'select[hname!=cn001]'
#BSUB -R 'select[hname!=cn002]'
#BSUB -R 'select[hname!=cn003]'
#BSUB -R 'select[hname!=cn004]'
#BSUB -R 'select[hname!=cn005]'

./1_save_raw.R AMPSLEkid_cells_1245



------------------------------------------------------------

Successfully completed.

Resource usage summary:

    CPU time :                                   41.89 sec.
    Max Memory :                                 356 MB
    Average Memory :                             356.00 MB
    Total Requested Memory :                     32000.00 MB
    Delta Memory :                               31644.00 MB
    Max Swap :                                   10023 MB
    Max Processes :                              4
    Max Threads :                                5

The output (if any) follows:



PS:

Read file </data/srlab2/jmears/jupyter/SLE_Phase2_Kidney_Analysis/cell-seq-scripts-final/log/save_raw_AMPSLEkid_cells_1245.err> for stderr output of this job.

Sender: LSF System <tnn2@hn002>
Subject: Job 954923: <save_raw_AMPSLEkid_cells_1245> in cluster <erislsf2> Done

Job <save_raw_AMPSLEkid_cells_1245> was submitted from host <eris2n5> by user <jn467> in cluster <erislsf2>.
Job was executed on host(s) <hn002>, in queue <normal>, as user <jn467> in cluster <erislsf2>.
</PHShome/jn467> was used as the home directory.
</data/srlab2/jmears/jupyter/SLE_Phase2_Kidney_Analysis/cell-seq-scripts-final> was used as the working directory.
Started at Mon Apr 19 10:32:28 2021
Results reported on Mon Apr 19 10:33:09 2021

Your job looked like:

------------------------------------------------------------
# LSBATCH: User input

#!/bin/bash
#BSUB -J save_raw_AMPSLEkid_cells_1245
#BSUB -o /data/srlab2/jmears/jupyter/SLE_Phase2_Kidney_Analysis/cell-seq-scripts-final/log/save_raw_AMPSLEkid_cells_1245.out
#BSUB -e /data/srlab2/jmears/jupyter/SLE_Phase2_Kidney_Analysis/cell-seq-scripts-final/log/save_raw_AMPSLEkid_cells_1245.out
#BSUB -q normal
#BSUB -R 'select[hname!=cn001]'
#BSUB -R 'select[hname!=cn002]'
#BSUB -R 'select[hname!=cn003]'
#BSUB -R 'select[hname!=cn004]'
#BSUB -R 'select[hname!=cn005]'

./0.3_save_python_data.R AMPSLEkid_cells_1245



------------------------------------------------------------

Successfully completed.

Resource usage summary:

    CPU time :                                   30.38 sec.
    Max Memory :                                 443 MB
    Average Memory :                             443.00 MB
    Total Requested Memory :                     512.00 MB
    Delta Memory :                               69.00 MB
    Max Swap :                                   10120 MB
    Max Processes :                              4
    Max Threads :                                5

The output (if any) follows:

           used  (Mb) gc trigger   (Mb)  max used   (Mb)
Ncells  6666025 356.1   12048640  643.5   9445417  504.5
Vcells 11308992  86.3  229245651 1749.1 237089341 1808.9
