Sender: LSF System <tnn2@sn006>
Subject: Job 878956: <save_raw_AMPSLEkid_cells_2824> in cluster <erislsf2> Done

Job <save_raw_AMPSLEkid_cells_2824> was submitted from host <eris2n4> by user <jn467> in cluster <erislsf2>.
Job was executed on host(s) <sn006>, in queue <bigmem>, as user <jn467> in cluster <erislsf2>.
</PHShome/jn467> was used as the home directory.
</data/srlab2/jmears/jupyter/SLE_Phase2_Kidney_Analysis/cell-seq-scripts-final> was used as the working directory.
Started at Wed Apr 14 12:02:13 2021
Results reported on Wed Apr 14 12:02:36 2021

Your job looked like:

------------------------------------------------------------
# LSBATCH: User input

#!/bin/bash
#BSUB -J save_raw_AMPSLEkid_cells_2824
#BSUB -o /data/srlab2/jmears/jupyter/SLE_Phase2_Kidney_Analysis/cell-seq-scripts-final/log/save_raw_AMPSLEkid_cells_2824.out
#BSUB -e /data/srlab2/jmears/jupyter/SLE_Phase2_Kidney_Analysis/cell-seq-scripts-final/log/save_raw_AMPSLEkid_cells_2824.err
#BSUB -q bigmem
#BSUB -R 'select[hname!=cn001]'
#BSUB -R 'select[hname!=cn002]'
#BSUB -R 'select[hname!=cn003]'
#BSUB -R 'select[hname!=cn004]'
#BSUB -R 'select[hname!=cn005]'

./1_save_raw.R AMPSLEkid_cells_2824



------------------------------------------------------------

Successfully completed.

Resource usage summary:

    CPU time :                                   38.58 sec.
    Max Memory :                                 603 MB
    Average Memory :                             603.00 MB
    Total Requested Memory :                     32000.00 MB
    Delta Memory :                               31397.00 MB
    Max Swap :                                   11302 MB
    Max Processes :                              4
    Max Threads :                                5

The output (if any) follows:



PS:

Read file </data/srlab2/jmears/jupyter/SLE_Phase2_Kidney_Analysis/cell-seq-scripts-final/log/save_raw_AMPSLEkid_cells_2824.err> for stderr output of this job.

Sender: LSF System <tnn2@hn006>
Subject: Job 955009: <save_raw_AMPSLEkid_cells_2824> in cluster <erislsf2> Done

Job <save_raw_AMPSLEkid_cells_2824> was submitted from host <eris2n5> by user <jn467> in cluster <erislsf2>.
Job was executed on host(s) <hn006>, in queue <normal>, as user <jn467> in cluster <erislsf2>.
</PHShome/jn467> was used as the home directory.
</data/srlab2/jmears/jupyter/SLE_Phase2_Kidney_Analysis/cell-seq-scripts-final> was used as the working directory.
Started at Mon Apr 19 10:36:07 2021
Results reported on Mon Apr 19 10:36:34 2021

Your job looked like:

------------------------------------------------------------
# LSBATCH: User input

#!/bin/bash
#BSUB -J save_raw_AMPSLEkid_cells_2824
#BSUB -o /data/srlab2/jmears/jupyter/SLE_Phase2_Kidney_Analysis/cell-seq-scripts-final/log/save_raw_AMPSLEkid_cells_2824.out
#BSUB -e /data/srlab2/jmears/jupyter/SLE_Phase2_Kidney_Analysis/cell-seq-scripts-final/log/save_raw_AMPSLEkid_cells_2824.out
#BSUB -q normal
#BSUB -R 'select[hname!=cn001]'
#BSUB -R 'select[hname!=cn002]'
#BSUB -R 'select[hname!=cn003]'
#BSUB -R 'select[hname!=cn004]'
#BSUB -R 'select[hname!=cn005]'

./0.3_save_python_data.R AMPSLEkid_cells_2824



------------------------------------------------------------

Successfully completed.

Resource usage summary:

    CPU time :                                   30.18 sec.
    Max Memory :                                 2084 MB
    Average Memory :                             2084.00 MB
    Total Requested Memory :                     512.00 MB
    Delta Memory :                               -1572.00 MB
    Max Swap :                                   11864 MB
    Max Processes :                              4
    Max Threads :                                6

The output (if any) follows:

           used  (Mb) gc trigger   (Mb)  max used   (Mb)
Ncells  6666025 356.1   12048611  643.5   9445409  504.5
Vcells 11308992  86.3  180409333 1376.5 186218177 1420.8
