Sender: LSF System <tnn2@sn005>
Subject: Job 878873: <save_raw_AMPSLEkid_cells_1255> in cluster <erislsf2> Done

Job <save_raw_AMPSLEkid_cells_1255> was submitted from host <eris2n4> by user <jn467> in cluster <erislsf2>.
Job was executed on host(s) <sn005>, in queue <bigmem>, as user <jn467> in cluster <erislsf2>.
</PHShome/jn467> was used as the home directory.
</data/srlab2/jmears/jupyter/SLE_Phase2_Kidney_Analysis/cell-seq-scripts-final> was used as the working directory.
Started at Wed Apr 14 11:54:43 2021
Results reported on Wed Apr 14 11:55:12 2021

Your job looked like:

------------------------------------------------------------
# LSBATCH: User input

#!/bin/bash
#BSUB -J save_raw_AMPSLEkid_cells_1255
#BSUB -o /data/srlab2/jmears/jupyter/SLE_Phase2_Kidney_Analysis/cell-seq-scripts-final/log/save_raw_AMPSLEkid_cells_1255.out
#BSUB -e /data/srlab2/jmears/jupyter/SLE_Phase2_Kidney_Analysis/cell-seq-scripts-final/log/save_raw_AMPSLEkid_cells_1255.err
#BSUB -q bigmem
#BSUB -R 'select[hname!=cn001]'
#BSUB -R 'select[hname!=cn002]'
#BSUB -R 'select[hname!=cn003]'
#BSUB -R 'select[hname!=cn004]'
#BSUB -R 'select[hname!=cn005]'

./1_save_raw.R AMPSLEkid_cells_1255



------------------------------------------------------------

Successfully completed.

Resource usage summary:

    CPU time :                                   44.53 sec.
    Max Memory :                                 269 MB
    Average Memory :                             269.00 MB
    Total Requested Memory :                     32000.00 MB
    Delta Memory :                               31731.00 MB
    Max Swap :                                   10933 MB
    Max Processes :                              4
    Max Threads :                                5

The output (if any) follows:



PS:

Read file </data/srlab2/jmears/jupyter/SLE_Phase2_Kidney_Analysis/cell-seq-scripts-final/log/save_raw_AMPSLEkid_cells_1255.err> for stderr output of this job.

Sender: LSF System <tnn2@hn004>
Subject: Job 954926: <save_raw_AMPSLEkid_cells_1255> in cluster <erislsf2> Done

Job <save_raw_AMPSLEkid_cells_1255> was submitted from host <eris2n5> by user <jn467> in cluster <erislsf2>.
Job was executed on host(s) <hn004>, in queue <normal>, as user <jn467> in cluster <erislsf2>.
</PHShome/jn467> was used as the home directory.
</data/srlab2/jmears/jupyter/SLE_Phase2_Kidney_Analysis/cell-seq-scripts-final> was used as the working directory.
Started at Mon Apr 19 10:32:38 2021
Results reported on Mon Apr 19 10:32:58 2021

Your job looked like:

------------------------------------------------------------
# LSBATCH: User input

#!/bin/bash
#BSUB -J save_raw_AMPSLEkid_cells_1255
#BSUB -o /data/srlab2/jmears/jupyter/SLE_Phase2_Kidney_Analysis/cell-seq-scripts-final/log/save_raw_AMPSLEkid_cells_1255.out
#BSUB -e /data/srlab2/jmears/jupyter/SLE_Phase2_Kidney_Analysis/cell-seq-scripts-final/log/save_raw_AMPSLEkid_cells_1255.out
#BSUB -q normal
#BSUB -R 'select[hname!=cn001]'
#BSUB -R 'select[hname!=cn002]'
#BSUB -R 'select[hname!=cn003]'
#BSUB -R 'select[hname!=cn004]'
#BSUB -R 'select[hname!=cn005]'

./0.3_save_python_data.R AMPSLEkid_cells_1255



------------------------------------------------------------

Successfully completed.

Resource usage summary:

    CPU time :                                   28.82 sec.
    Max Memory :                                 252 MB
    Average Memory :                             252.00 MB
    Total Requested Memory :                     512.00 MB
    Delta Memory :                               260.00 MB
    Max Swap :                                   9912 MB
    Max Processes :                              4
    Max Threads :                                5

The output (if any) follows:

           used  (Mb) gc trigger   (Mb)  max used   (Mb)
Ncells  6666025 356.1   12048604  643.5   9445405  504.5
Vcells 11308992  86.3  192203461 1466.4 198503727 1514.5
