Sender: LSF System <tnn2@sn007>
Subject: Job 878804: <save_raw_AMPSLEkid_cells_0848> in cluster <erislsf2> Done

Job <save_raw_AMPSLEkid_cells_0848> was submitted from host <eris2n4> by user <jn467> in cluster <erislsf2>.
Job was executed on host(s) <sn007>, in queue <bigmem>, as user <jn467> in cluster <erislsf2>.
</PHShome/jn467> was used as the home directory.
</data/srlab2/jmears/jupyter/SLE_Phase2_Kidney_Analysis/cell-seq-scripts-final> was used as the working directory.
Started at Wed Apr 14 11:47:30 2021
Results reported on Wed Apr 14 11:48:10 2021

Your job looked like:

------------------------------------------------------------
# LSBATCH: User input

#!/bin/bash
#BSUB -J save_raw_AMPSLEkid_cells_0848
#BSUB -o /data/srlab2/jmears/jupyter/SLE_Phase2_Kidney_Analysis/cell-seq-scripts-final/log/save_raw_AMPSLEkid_cells_0848.out
#BSUB -e /data/srlab2/jmears/jupyter/SLE_Phase2_Kidney_Analysis/cell-seq-scripts-final/log/save_raw_AMPSLEkid_cells_0848.err
#BSUB -q bigmem
#BSUB -R 'select[hname!=cn001]'
#BSUB -R 'select[hname!=cn002]'
#BSUB -R 'select[hname!=cn003]'
#BSUB -R 'select[hname!=cn004]'
#BSUB -R 'select[hname!=cn005]'

./1_save_raw.R AMPSLEkid_cells_0848



------------------------------------------------------------

Successfully completed.

Resource usage summary:

    CPU time :                                   49.22 sec.
    Max Memory :                                 1248 MB
    Average Memory :                             1248.00 MB
    Total Requested Memory :                     32000.00 MB
    Delta Memory :                               30752.00 MB
    Max Swap :                                   10998 MB
    Max Processes :                              4
    Max Threads :                                6

The output (if any) follows:



PS:

Read file </data/srlab2/jmears/jupyter/SLE_Phase2_Kidney_Analysis/cell-seq-scripts-final/log/save_raw_AMPSLEkid_cells_0848.err> for stderr output of this job.

Sender: LSF System <tnn2@hn006>
Subject: Job 954857: <save_raw_AMPSLEkid_cells_0848> in cluster <erislsf2> Done

Job <save_raw_AMPSLEkid_cells_0848> was submitted from host <eris2n5> by user <jn467> in cluster <erislsf2>.
Job was executed on host(s) <hn006>, in queue <normal>, as user <jn467> in cluster <erislsf2>.
</PHShome/jn467> was used as the home directory.
</data/srlab2/jmears/jupyter/SLE_Phase2_Kidney_Analysis/cell-seq-scripts-final> was used as the working directory.
Started at Mon Apr 19 10:29:40 2021
Results reported on Mon Apr 19 10:30:32 2021

Your job looked like:

------------------------------------------------------------
# LSBATCH: User input

#!/bin/bash
#BSUB -J save_raw_AMPSLEkid_cells_0848
#BSUB -o /data/srlab2/jmears/jupyter/SLE_Phase2_Kidney_Analysis/cell-seq-scripts-final/log/save_raw_AMPSLEkid_cells_0848.out
#BSUB -e /data/srlab2/jmears/jupyter/SLE_Phase2_Kidney_Analysis/cell-seq-scripts-final/log/save_raw_AMPSLEkid_cells_0848.out
#BSUB -q normal
#BSUB -R 'select[hname!=cn001]'
#BSUB -R 'select[hname!=cn002]'
#BSUB -R 'select[hname!=cn003]'
#BSUB -R 'select[hname!=cn004]'
#BSUB -R 'select[hname!=cn005]'

./0.3_save_python_data.R AMPSLEkid_cells_0848



------------------------------------------------------------

Successfully completed.

Resource usage summary:

    CPU time :                                   29.48 sec.
    Max Memory :                                 2512 MB
    Average Memory :                             773.00 MB
    Total Requested Memory :                     512.00 MB
    Delta Memory :                               -2000.00 MB
    Max Swap :                                   12300 MB
    Max Processes :                              4
    Max Threads :                                6

The output (if any) follows:

           used  (Mb) gc trigger   (Mb)  max used   (Mb)
Ncells  6666025 356.1   12048610  643.5   9445409  504.5
Vcells 11308992  86.3  235207855 1794.5 243299970 1856.3
