Sender: LSF System <tnn2@sn006>
Subject: Job 878772: <save_raw_AMPSLEkid_cells_0137> in cluster <erislsf2> Done

Job <save_raw_AMPSLEkid_cells_0137> was submitted from host <eris2n4> by user <jn467> in cluster <erislsf2>.
Job was executed on host(s) <sn006>, in queue <bigmem>, as user <jn467> in cluster <erislsf2>.
</PHShome/jn467> was used as the home directory.
</data/srlab2/jmears/jupyter/SLE_Phase2_Kidney_Analysis/cell-seq-scripts-final> was used as the working directory.
Started at Wed Apr 14 11:39:59 2021
Results reported on Wed Apr 14 11:40:36 2021

Your job looked like:

------------------------------------------------------------
# LSBATCH: User input

#!/bin/bash
#BSUB -J save_raw_AMPSLEkid_cells_0137
#BSUB -o /data/srlab2/jmears/jupyter/SLE_Phase2_Kidney_Analysis/cell-seq-scripts-final/log/save_raw_AMPSLEkid_cells_0137.out
#BSUB -e /data/srlab2/jmears/jupyter/SLE_Phase2_Kidney_Analysis/cell-seq-scripts-final/log/save_raw_AMPSLEkid_cells_0137.err
#BSUB -q bigmem
#BSUB -R 'select[hname!=cn001]'
#BSUB -R 'select[hname!=cn002]'
#BSUB -R 'select[hname!=cn003]'
#BSUB -R 'select[hname!=cn004]'
#BSUB -R 'select[hname!=cn005]'

./1_save_raw.R AMPSLEkid_cells_0137



------------------------------------------------------------

Successfully completed.

Resource usage summary:

    CPU time :                                   51.94 sec.
    Max Memory :                                 1552 MB
    Average Memory :                             1552.00 MB
    Total Requested Memory :                     32000.00 MB
    Delta Memory :                               30448.00 MB
    Max Swap :                                   12328 MB
    Max Processes :                              4
    Max Threads :                                6

The output (if any) follows:



PS:

Read file </data/srlab2/jmears/jupyter/SLE_Phase2_Kidney_Analysis/cell-seq-scripts-final/log/save_raw_AMPSLEkid_cells_0137.err> for stderr output of this job.

Sender: LSF System <tnn2@hn002>
Subject: Job 954825: <save_raw_AMPSLEkid_cells_0137> in cluster <erislsf2> Done

Job <save_raw_AMPSLEkid_cells_0137> was submitted from host <eris2n5> by user <jn467> in cluster <erislsf2>.
Job was executed on host(s) <hn002>, in queue <normal>, as user <jn467> in cluster <erislsf2>.
</PHShome/jn467> was used as the home directory.
</data/srlab2/jmears/jupyter/SLE_Phase2_Kidney_Analysis/cell-seq-scripts-final> was used as the working directory.
Started at Mon Apr 19 10:28:06 2021
Results reported on Mon Apr 19 10:28:47 2021

Your job looked like:

------------------------------------------------------------
# LSBATCH: User input

#!/bin/bash
#BSUB -J save_raw_AMPSLEkid_cells_0137
#BSUB -o /data/srlab2/jmears/jupyter/SLE_Phase2_Kidney_Analysis/cell-seq-scripts-final/log/save_raw_AMPSLEkid_cells_0137.out
#BSUB -e /data/srlab2/jmears/jupyter/SLE_Phase2_Kidney_Analysis/cell-seq-scripts-final/log/save_raw_AMPSLEkid_cells_0137.out
#BSUB -q normal
#BSUB -R 'select[hname!=cn001]'
#BSUB -R 'select[hname!=cn002]'
#BSUB -R 'select[hname!=cn003]'
#BSUB -R 'select[hname!=cn004]'
#BSUB -R 'select[hname!=cn005]'

./0.3_save_python_data.R AMPSLEkid_cells_0137



------------------------------------------------------------

Successfully completed.

Resource usage summary:

    CPU time :                                   31.88 sec.
    Max Memory :                                 2631 MB
    Average Memory :                             2631.00 MB
    Total Requested Memory :                     512.00 MB
    Delta Memory :                               -2119.00 MB
    Max Swap :                                   12693 MB
    Max Processes :                              4
    Max Threads :                                6

The output (if any) follows:

           used  (Mb) gc trigger   (Mb)  max used   (Mb)
Ncells  6666025 356.1   12048595  643.5   9445404  504.5
Vcells 11308992  86.3  284764812 2172.6 294921800 2250.1
