Sender: LSF System <tnn2@hn003>
Subject: Job 955310: <save_raw_AMPSLEkid_cells_2748R1> in cluster <erislsf2> Done

Job <save_raw_AMPSLEkid_cells_2748R1> was submitted from host <eris2n5> by user <jn467> in cluster <erislsf2>.
Job was executed on host(s) <hn003>, in queue <normal>, as user <jn467> in cluster <erislsf2>.
</PHShome/jn467> was used as the home directory.
</data/srlab2/jmears/jupyter/SLE_Phase2_Kidney_Analysis/cell-seq-scripts-final> was used as the working directory.
Started at Mon Apr 19 10:54:57 2021
Results reported on Mon Apr 19 10:56:01 2021

Your job looked like:

------------------------------------------------------------
# LSBATCH: User input

#!/bin/bash
#BSUB -J save_raw_AMPSLEkid_cells_2748R1
#BSUB -o /data/srlab2/jmears/jupyter/SLE_Phase2_Kidney_Analysis/cell-seq-scripts-final/log/scrublet_AMPSLEkid_cells_2748R1.out
#BSUB -e /data/srlab2/jmears/jupyter/SLE_Phase2_Kidney_Analysis/cell-seq-scripts-final/log/scrublet_AMPSLEkid_cells_2748R1.err
#BSUB -q normal
#BSUB -R 'select[hname!=cn001]'
#BSUB -R 'select[hname!=cn002]'
#BSUB -R 'select[hname!=cn003]'
#BSUB -R 'select[hname!=cn004]'
#BSUB -R 'select[hname!=cn005]'

./scrublet_script.py AMPSLEkid_cells_2748R1 165



------------------------------------------------------------

Successfully completed.

Resource usage summary:

    CPU time :                                   73.37 sec.
    Max Memory :                                 1541 MB
    Average Memory :                             1151.00 MB
    Total Requested Memory :                     512.00 MB
    Delta Memory :                               -1029.00 MB
    Max Swap :                                   11287 MB
    Max Processes :                              4
    Max Threads :                                76

The output (if any) follows:

AMPSLEkid_cells_2748R1
165


PS:

Read file </data/srlab2/jmears/jupyter/SLE_Phase2_Kidney_Analysis/cell-seq-scripts-final/log/scrublet_AMPSLEkid_cells_2748R1.err> for stderr output of this job.

