Sender: LSF System <tnn2@hn003>
Subject: Job 955295: <save_raw_AMPSLEkid_cells_2710> in cluster <erislsf2> Done

Job <save_raw_AMPSLEkid_cells_2710> was submitted from host <eris2n5> by user <jn467> in cluster <erislsf2>.
Job was executed on host(s) <hn003>, in queue <normal>, as user <jn467> in cluster <erislsf2>.
</PHShome/jn467> was used as the home directory.
</data/srlab2/jmears/jupyter/SLE_Phase2_Kidney_Analysis/cell-seq-scripts-final> was used as the working directory.
Started at Mon Apr 19 10:54:17 2021
Results reported on Mon Apr 19 10:54:52 2021

Your job looked like:

------------------------------------------------------------
# LSBATCH: User input

#!/bin/bash
#BSUB -J save_raw_AMPSLEkid_cells_2710
#BSUB -o /data/srlab2/jmears/jupyter/SLE_Phase2_Kidney_Analysis/cell-seq-scripts-final/log/scrublet_AMPSLEkid_cells_2710.out
#BSUB -e /data/srlab2/jmears/jupyter/SLE_Phase2_Kidney_Analysis/cell-seq-scripts-final/log/scrublet_AMPSLEkid_cells_2710.err
#BSUB -q normal
#BSUB -R 'select[hname!=cn001]'
#BSUB -R 'select[hname!=cn002]'
#BSUB -R 'select[hname!=cn003]'
#BSUB -R 'select[hname!=cn004]'
#BSUB -R 'select[hname!=cn005]'

./scrublet_script.py AMPSLEkid_cells_2710 150



------------------------------------------------------------

Successfully completed.

Resource usage summary:

    CPU time :                                   62.58 sec.
    Max Memory :                                 914 MB
    Average Memory :                             914.00 MB
    Total Requested Memory :                     512.00 MB
    Delta Memory :                               -402.00 MB
    Max Swap :                                   10491 MB
    Max Processes :                              4
    Max Threads :                                5

The output (if any) follows:

AMPSLEkid_cells_2710
150


PS:

Read file </data/srlab2/jmears/jupyter/SLE_Phase2_Kidney_Analysis/cell-seq-scripts-final/log/scrublet_AMPSLEkid_cells_2710.err> for stderr output of this job.

