Sender: LSF System <tnn2@hn006>
Subject: Job 955204: <save_raw_AMPSLEkid_cells_1137> in cluster <erislsf2> Done

Job <save_raw_AMPSLEkid_cells_1137> was submitted from host <eris2n5> by user <jn467> in cluster <erislsf2>.
Job was executed on host(s) <hn006>, in queue <normal>, as user <jn467> in cluster <erislsf2>.
</PHShome/jn467> was used as the home directory.
</data/srlab2/jmears/jupyter/SLE_Phase2_Kidney_Analysis/cell-seq-scripts-final> was used as the working directory.
Started at Mon Apr 19 10:49:58 2021
Results reported on Mon Apr 19 10:50:20 2021

Your job looked like:

------------------------------------------------------------
# LSBATCH: User input

#!/bin/bash
#BSUB -J save_raw_AMPSLEkid_cells_1137
#BSUB -o /data/srlab2/jmears/jupyter/SLE_Phase2_Kidney_Analysis/cell-seq-scripts-final/log/scrublet_AMPSLEkid_cells_1137.out
#BSUB -e /data/srlab2/jmears/jupyter/SLE_Phase2_Kidney_Analysis/cell-seq-scripts-final/log/scrublet_AMPSLEkid_cells_1137.err
#BSUB -q normal
#BSUB -R 'select[hname!=cn001]'
#BSUB -R 'select[hname!=cn002]'
#BSUB -R 'select[hname!=cn003]'
#BSUB -R 'select[hname!=cn004]'
#BSUB -R 'select[hname!=cn005]'

./scrublet_script.py AMPSLEkid_cells_1137 69



------------------------------------------------------------

Successfully completed.

Resource usage summary:

    CPU time :                                   33.05 sec.
    Max Memory :                                 1 MB
    Average Memory :                             1.00 MB
    Total Requested Memory :                     512.00 MB
    Delta Memory :                               511.00 MB
    Max Swap :                                   20 MB
    Max Processes :                              1
    Max Threads :                                2

The output (if any) follows:

AMPSLEkid_cells_1137
69


PS:

Read file </data/srlab2/jmears/jupyter/SLE_Phase2_Kidney_Analysis/cell-seq-scripts-final/log/scrublet_AMPSLEkid_cells_1137.err> for stderr output of this job.

