Sender: LSF System <tnn2@hn004>
Subject: Job 955231: <save_raw_AMPSLEkid_cells_1243> in cluster <erislsf2> Done

Job <save_raw_AMPSLEkid_cells_1243> was submitted from host <eris2n5> by user <jn467> in cluster <erislsf2>.
Job was executed on host(s) <hn004>, in queue <normal>, as user <jn467> in cluster <erislsf2>.
</PHShome/jn467> was used as the home directory.
</data/srlab2/jmears/jupyter/SLE_Phase2_Kidney_Analysis/cell-seq-scripts-final> was used as the working directory.
Started at Mon Apr 19 10:51:41 2021
Results reported on Mon Apr 19 10:51:56 2021

Your job looked like:

------------------------------------------------------------
# LSBATCH: User input

#!/bin/bash
#BSUB -J save_raw_AMPSLEkid_cells_1243
#BSUB -o /data/srlab2/jmears/jupyter/SLE_Phase2_Kidney_Analysis/cell-seq-scripts-final/log/scrublet_AMPSLEkid_cells_1243.out
#BSUB -e /data/srlab2/jmears/jupyter/SLE_Phase2_Kidney_Analysis/cell-seq-scripts-final/log/scrublet_AMPSLEkid_cells_1243.err
#BSUB -q normal
#BSUB -R 'select[hname!=cn001]'
#BSUB -R 'select[hname!=cn002]'
#BSUB -R 'select[hname!=cn003]'
#BSUB -R 'select[hname!=cn004]'
#BSUB -R 'select[hname!=cn005]'

./scrublet_script.py AMPSLEkid_cells_1243 96



------------------------------------------------------------

Successfully completed.

Resource usage summary:

    CPU time :                                   55.61 sec.
    Total Requested Memory :                     512.00 MB
    Delta Memory :                               -

The output (if any) follows:

AMPSLEkid_cells_1243
96


PS:

Read file </data/srlab2/jmears/jupyter/SLE_Phase2_Kidney_Analysis/cell-seq-scripts-final/log/scrublet_AMPSLEkid_cells_1243.err> for stderr output of this job.

