Sender: LSF System <tnn2@hn002>
Subject: Job 955345: <save_raw_AMPSLEkid_cells_3011> in cluster <erislsf2> Done

Job <save_raw_AMPSLEkid_cells_3011> was submitted from host <eris2n5> by user <jn467> in cluster <erislsf2>.
Job was executed on host(s) <hn002>, in queue <normal>, as user <jn467> in cluster <erislsf2>.
</PHShome/jn467> was used as the home directory.
</data/srlab2/jmears/jupyter/SLE_Phase2_Kidney_Analysis/cell-seq-scripts-final> was used as the working directory.
Started at Mon Apr 19 10:56:30 2021
Results reported on Mon Apr 19 10:57:37 2021

Your job looked like:

------------------------------------------------------------
# LSBATCH: User input

#!/bin/bash
#BSUB -J save_raw_AMPSLEkid_cells_3011
#BSUB -o /data/srlab2/jmears/jupyter/SLE_Phase2_Kidney_Analysis/cell-seq-scripts-final/log/scrublet_AMPSLEkid_cells_3011.out
#BSUB -e /data/srlab2/jmears/jupyter/SLE_Phase2_Kidney_Analysis/cell-seq-scripts-final/log/scrublet_AMPSLEkid_cells_3011.err
#BSUB -q normal
#BSUB -R 'select[hname!=cn001]'
#BSUB -R 'select[hname!=cn002]'
#BSUB -R 'select[hname!=cn003]'
#BSUB -R 'select[hname!=cn004]'
#BSUB -R 'select[hname!=cn005]'

./scrublet_script.py AMPSLEkid_cells_3011 200



------------------------------------------------------------

Successfully completed.

Resource usage summary:

    CPU time :                                   77.31 sec.
    Max Memory :                                 1994 MB
    Average Memory :                             1994.00 MB
    Total Requested Memory :                     512.00 MB
    Delta Memory :                               -1482.00 MB
    Max Swap :                                   11618 MB
    Max Processes :                              4
    Max Threads :                                5

The output (if any) follows:

AMPSLEkid_cells_3011
200


PS:

Read file </data/srlab2/jmears/jupyter/SLE_Phase2_Kidney_Analysis/cell-seq-scripts-final/log/scrublet_AMPSLEkid_cells_3011.err> for stderr output of this job.

